Looking for git in: git
Using git 2.17.1 from git
> git rev-parse --show-toplevel
> git rev-parse --git-dir
Open repository: /opt/lampp/htdocs/webCourse/cursoPHPyoutube/todolist
> git status -z -u
> git symbolic-ref --short HEAD
> git rev-parse master
> git rev-parse --symbolic-full-name master@{u}
> git rev-list --left-right master...refs/remotes/origin/master
> git for-each-ref --format %(refname) %(objectname) --sort -committerdate
> git remote --verbose
> git config --get commit.template
> git check-ignore -v -z --stdin
> git check-ignore -v -z --stdin
> git show :serWSockets/index.html
> git ls-files --stage -- /opt/lampp/htdocs/webCourse/cursoPHPyoutube/todolist/serWSockets/index.html
> git status -z -u
> git symbolic-ref --short HEAD
> git rev-parse master
> git rev-parse --symbolic-full-name master@{u}
> git rev-list --left-right master...refs/remotes/origin/master
> git for-each-ref --format %(refname) %(objectname) --sort -committerdate
> git remote --verbose
> git config --get commit.template
> git check-ignore -v -z --stdin
> git show :serWSockets/socket_server.js
> git ls-files --stage -- /opt/lampp/htdocs/webCourse/cursoPHPyoutube/todolist/serWSockets/socket_server.js
> git cat-file -s 29e970ad91606daecea2a4967309e06e7f3a3505
> git check-ignore -v -z --stdin
> git check-ignore -v -z --stdin
> git check-ignore -v -z --stdin
> git check-ignore -v -z --stdin
> git show :home_user/dispositivos/js/wSockets.js
> git ls-files --stage -- /opt/lampp/htdocs/webCourse/cursoPHPyoutube/todolist/home_user/dispositivos/js/wSockets.js
> git cat-file -s 8b137891791fe96927ad78e64b0aad7bded08bdc
> git show :home_user/dispositivos/js/dispositivosApp.js
> git ls-files --stage -- /opt/lampp/htdocs/webCourse/cursoPHPyoutube/todolist/home_user/dispositivos/js/dispositivosApp.js
> git cat-file -s 62fa23cd082b716c6b2d5ea96bfb45662fa3a6bf
